[ERROR - 2018-04-20T05:20:16.278Z] Session [8067c5b0-445a-11e8-a066-5b19c5174b76] - page.onError - msg: TypeError: undefined is not a constructor (evaluating 'b.error(a)')
[ERROR - 2018-04-20T05:20:16.279Z] Session [8067c5b0-445a-11e8-a066-5b19c5174b76] - page.onError - stack:
  init (https://wpm.ccmp.eu/wpm/381/EU/Scripts/lacoste-SDK.js:26)
  cnvAsyncInit (https://nexus.ensighten.com/lacoste/us/Bootstrap.js:166)
  (anonymous function) (https://wpm.ccmp.eu/wpm/381/EU/Scripts/lacoste-SDK.js:1)
[ERROR - 2018-04-20T05:20:25.212Z] Session [8067c5b0-445a-11e8-a066-5b19c5174b76] - page.onError - msg: TypeError: undefined is not a constructor (evaluating 'b.error(a)')
[ERROR - 2018-04-20T05:20:25.213Z] Session [8067c5b0-445a-11e8-a066-5b19c5174b76] - page.onError - stack:
  init (https://wpm.ccmp.eu/wpm/381/EU/Scripts/lacoste-SDK.js:26)
  cnvAsyncInit (https://nexus.ensighten.com/lacoste/us/Bootstrap.js:166)
  (anonymous function) (https://wpm.ccmp.eu/wpm/381/EU/Scripts/lacoste-SDK.js:1)
[ERROR - 2018-04-20T05:20:57.842Z] Session [990ef5c0-445a-11e8-a693-9ba6fb7687cd] - page.onError - msg: TypeError: undefined is not a constructor (evaluating 'b.error(a)')
[ERROR - 2018-04-20T05:20:57.843Z] Session [990ef5c0-445a-11e8-a693-9ba6fb7687cd] - page.onError - stack:
  init (https://wpm.ccmp.eu/wpm/381/EU/Scripts/lacoste-SDK.js:26)
  cnvAsyncInit (https://nexus.ensighten.com/lacoste/us/Bootstrap.js:166)
  (anonymous function) (https://wpm.ccmp.eu/wpm/381/EU/Scripts/lacoste-SDK.js:1)
[ERROR - 2018-04-20T05:21:04.223Z] Session [990ef5c0-445a-11e8-a693-9ba6fb7687cd] - page.onError - msg: TypeError: undefined is not a constructor (evaluating 'b.error(a)')
[ERROR - 2018-04-20T05:21:04.223Z] Session [990ef5c0-445a-11e8-a693-9ba6fb7687cd] - page.onError - stack:
  init (https://wpm.ccmp.eu/wpm/381/EU/Scripts/lacoste-SDK.js:26)
  cnvAsyncInit (https://nexus.ensighten.com/lacoste/us/Bootstrap.js:166)
  (anonymous function) (https://wpm.ccmp.eu/wpm/381/EU/Scripts/lacoste-SDK.js:1)
[ERROR - 2018-04-20T05:23:26.273Z] Session [f0c86350-445a-11e8-879f-1bbc51bfaf35] - page.onError - msg: TypeError: undefined is not a constructor (evaluating 'b.error(a)')
[ERROR - 2018-04-20T05:23:26.273Z] Session [f0c86350-445a-11e8-879f-1bbc51bfaf35] - page.onError - stack:
  init (https://wpm.ccmp.eu/wpm/381/EU/Scripts/lacoste-SDK.js:26)
  cnvAsyncInit (https://nexus.ensighten.com/lacoste/us/Bootstrap.js:166)
  (anonymous function) (https://wpm.ccmp.eu/wpm/381/EU/Scripts/lacoste-SDK.js:1)
[ERROR - 2018-04-20T05:23:31.861Z] WebElementLocator - _handleLocateCommand - Element(s) NOT Found: GAVE UP. Search Stop Time: 1524201811818
[ERROR - 2018-04-20T05:24:51.726Z] Session [251891c0-445b-11e8-b59f-072b4f552b0b] - page.onError - msg: TypeError: undefined is not an object (evaluating 'utag_data.product.items')
[ERROR - 2018-04-20T05:24:51.726Z] Session [251891c0-445b-11e8-b59f-072b4f552b0b] - page.onError - stack:
  i (https://js.rmtag.com/110248.ct.js:1)
  i (https://js.rmtag.com/110248.ct.js:1)
  signalRun (https://js.rmtag.com/110248.ct.js:1)
  i (https://js.rmtag.com/110248.ct.js:1)
  signalRun (https://js.rmtag.com/110248.ct.js:1)
  i (https://js.rmtag.com/110248.ct.js:1)
  signalRun (https://js.rmtag.com/110248.ct.js:1)
  i (https://js.rmtag.com/110248.ct.js:1)
  signalRun (https://js.rmtag.com/110248.ct.js:1)
  i (https://js.rmtag.com/110248.ct.js:1)
  signalRun (https://js.rmtag.com/110248.ct.js:1)
  i (https://js.rmtag.com/110248.ct.js:1)
  signalRun (https://js.rmtag.com/110248.ct.js:1)
  i (https://js.rmtag.com/110248.ct.js:1)
  signalRun (https://js.rmtag.com/110248.ct.js:1)
  i (https://js.rmtag.com/110248.ct.js:1)
[ERROR - 2018-04-20T05:24:52.279Z] Session [251891c0-445b-11e8-b59f-072b4f552b0b] - page.onError - msg: TypeError: undefined is not a constructor (evaluating 'b.error(a)')
[ERROR - 2018-04-20T05:24:52.279Z] Session [251891c0-445b-11e8-b59f-072b4f552b0b] - page.onError - stack:
  init (https://wpm.ccmp.eu/wpm/381/EU/Scripts/lacoste-SDK.js:26)
  cnvAsyncInit (https://nexus.ensighten.com/lacoste/us/Bootstrap.js:166)
  (anonymous function) (https://wpm.ccmp.eu/wpm/381/EU/Scripts/lacoste-SDK.js:1)
[ERROR - 2018-04-20T05:24:57.266Z] WebElementLocator - _handleLocateCommand - Element(s) NOT Found: GAVE UP. Search Stop Time: 1524201897233
[ERROR - 2018-04-20T05:30:51.697Z] Session [fab552a0-445b-11e8-bd7b-732f328321d4] - page.onError - msg: TypeError: undefined is not a constructor (evaluating 'b.error(a)')
[ERROR - 2018-04-20T05:30:51.697Z] Session [fab552a0-445b-11e8-bd7b-732f328321d4] - page.onError - stack:
  init (https://wpm.ccmp.eu/wpm/381/EU/Scripts/lacoste-SDK.js:26)
  cnvAsyncInit (https://nexus.ensighten.com/lacoste/us/Bootstrap.js:166)
  (anonymous function) (https://wpm.ccmp.eu/wpm/381/EU/Scripts/lacoste-SDK.js:1)
[ERROR - 2018-04-20T05:30:57.850Z] Session [fab552a0-445b-11e8-bd7b-732f328321d4] - page.onError - msg: TypeError: undefined is not a constructor (evaluating 'b.error(a)')
[ERROR - 2018-04-20T05:30:57.850Z] Session [fab552a0-445b-11e8-bd7b-732f328321d4] - page.onError - stack:
  init (https://wpm.ccmp.eu/wpm/381/EU/Scripts/lacoste-SDK.js:26)
  cnvAsyncInit (https://nexus.ensighten.com/lacoste/us/Bootstrap.js:166)
  (anonymous function) (https://wpm.ccmp.eu/wpm/381/EU/Scripts/lacoste-SDK.js:1)
[ERROR - 2018-04-20T05:48:09.617Z] Session [658575e0-445e-11e8-8944-9d698cdb6ee6] - page.onError - msg: TypeError: undefined is not a constructor (evaluating 'b.error(a)')
[ERROR - 2018-04-20T05:48:09.618Z] Session [658575e0-445e-11e8-8944-9d698cdb6ee6] - page.onError - stack:
  init (https://wpm.ccmp.eu/wpm/381/EU/Scripts/lacoste-SDK.js:26)
  cnvAsyncInit (https://nexus.ensighten.com/lacoste/us/Bootstrap.js:166)
  (anonymous function) (https://wpm.ccmp.eu/wpm/381/EU/Scripts/lacoste-SDK.js:1)
[ERROR - 2018-04-20T05:48:17.886Z] Session [658575e0-445e-11e8-8944-9d698cdb6ee6] - page.onError - msg: TypeError: undefined is not a constructor (evaluating 'b.error(a)')
[ERROR - 2018-04-20T05:48:17.886Z] Session [658575e0-445e-11e8-8944-9d698cdb6ee6] - page.onError - stack:
  init (https://wpm.ccmp.eu/wpm/381/EU/Scripts/lacoste-SDK.js:26)
  cnvAsyncInit (https://nexus.ensighten.com/lacoste/us/Bootstrap.js:166)
  (anonymous function) (https://wpm.ccmp.eu/wpm/381/EU/Scripts/lacoste-SDK.js:1)
[ERROR - 2018-04-20T05:50:20.464Z] Session [b405be50-445e-11e8-a817-7f2ffd8ce3b9] - page.onError - msg: TypeError: undefined is not an object (evaluating 'utag_data.product.items')
[ERROR - 2018-04-20T05:50:20.464Z] Session [b405be50-445e-11e8-a817-7f2ffd8ce3b9] - page.onError - stack:
  i (https://js.rmtag.com/110248.ct.js:1)
  i (https://js.rmtag.com/110248.ct.js:1)
  signalRun (https://js.rmtag.com/110248.ct.js:1)
  i (https://js.rmtag.com/110248.ct.js:1)
  signalRun (https://js.rmtag.com/110248.ct.js:1)
  i (https://js.rmtag.com/110248.ct.js:1)
  signalRun (https://js.rmtag.com/110248.ct.js:1)
  i (https://js.rmtag.com/110248.ct.js:1)
  signalRun (https://js.rmtag.com/110248.ct.js:1)
  i (https://js.rmtag.com/110248.ct.js:1)
  signalRun (https://js.rmtag.com/110248.ct.js:1)
  i (https://js.rmtag.com/110248.ct.js:1)
  signalRun (https://js.rmtag.com/110248.ct.js:1)
  i (https://js.rmtag.com/110248.ct.js:1)
  signalRun (https://js.rmtag.com/110248.ct.js:1)
  i (https://js.rmtag.com/110248.ct.js:1)
[ERROR - 2018-04-20T06:13:29.749Z] Session [f00c1400-4461-11e8-ba5d-5d25447e35cd] - page.onError - msg: TypeError: undefined is not a constructor (evaluating 'b.error(a)')
[ERROR - 2018-04-20T06:13:29.749Z] Session [f00c1400-4461-11e8-ba5d-5d25447e35cd] - page.onError - stack:
  init (https://wpm.ccmp.eu/wpm/381/EU/Scripts/lacoste-SDK.js:26)
  cnvAsyncInit (https://nexus.ensighten.com/lacoste/us/Bootstrap.js:166)
  (anonymous function) (https://wpm.ccmp.eu/wpm/381/EU/Scripts/lacoste-SDK.js:1)
[ERROR - 2018-04-20T06:16:36.924Z] Session [5f6071c0-4462-11e8-b770-ef4279325857] - page.onError - msg: TypeError: undefined is not a constructor (evaluating 'b.error(a)')
[ERROR - 2018-04-20T06:16:36.925Z] Session [5f6071c0-4462-11e8-b770-ef4279325857] - page.onError - stack:
  init (https://wpm.ccmp.eu/wpm/381/EU/Scripts/lacoste-SDK.js:26)
  cnvAsyncInit (https://nexus.ensighten.com/lacoste/us/Bootstrap.js:166)
  (anonymous function) (https://wpm.ccmp.eu/wpm/381/EU/Scripts/lacoste-SDK.js:1)
[ERROR - 2018-04-20T06:16:42.558Z] WebElementLocator - _handleLocateCommand - Element(s) NOT Found: GAVE UP. Search Stop Time: 1524205002524
[ERROR - 2018-04-20T06:19:19.550Z] Session [c0a76600-4462-11e8-8c5b-6d44e033d8ae] - page.onError - msg: TypeError: undefined is not a constructor (evaluating 'b.error(a)')
[ERROR - 2018-04-20T06:19:19.550Z] Session [c0a76600-4462-11e8-8c5b-6d44e033d8ae] - page.onError - stack:
  init (https://wpm.ccmp.eu/wpm/381/EU/Scripts/lacoste-SDK.js:26)
  cnvAsyncInit (https://nexus.ensighten.com/lacoste/us/Bootstrap.js:166)
  (anonymous function) (https://wpm.ccmp.eu/wpm/381/EU/Scripts/lacoste-SDK.js:1)
[ERROR - 2018-04-20T06:19:26.700Z] Session [c0a76600-4462-11e8-8c5b-6d44e033d8ae] - page.onError - msg: TypeError: undefined is not a constructor (evaluating 'b.error(a)')
[ERROR - 2018-04-20T06:19:26.700Z] Session [c0a76600-4462-11e8-8c5b-6d44e033d8ae] - page.onError - stack:
  init (https://wpm.ccmp.eu/wpm/381/EU/Scripts/lacoste-SDK.js:26)
  cnvAsyncInit (https://nexus.ensighten.com/lacoste/us/Bootstrap.js:166)
  (anonymous function) (https://wpm.ccmp.eu/wpm/381/EU/Scripts/lacoste-SDK.js:1)
[ERROR - 2018-04-20T06:20:45.046Z] Session [f38f2ad0-4462-11e8-b3a7-49779620fcf9] - page.onError - msg: TypeError: undefined is not a constructor (evaluating 'b.error(a)')
[ERROR - 2018-04-20T06:20:45.047Z] Session [f38f2ad0-4462-11e8-b3a7-49779620fcf9] - page.onError - stack:
  init (https://wpm.ccmp.eu/wpm/381/EU/Scripts/lacoste-SDK.js:26)
  cnvAsyncInit (https://nexus.ensighten.com/lacoste/us/Bootstrap.js:166)
  (anonymous function) (https://wpm.ccmp.eu/wpm/381/EU/Scripts/lacoste-SDK.js:1)
[ERROR - 2018-04-20T06:20:52.534Z] Session [f38f2ad0-4462-11e8-b3a7-49779620fcf9] - page.onError - msg: TypeError: undefined is not a constructor (evaluating 'b.error(a)')
[ERROR - 2018-04-20T06:20:52.535Z] Session [f38f2ad0-4462-11e8-b3a7-49779620fcf9] - page.onError - stack:
  init (https://wpm.ccmp.eu/wpm/381/EU/Scripts/lacoste-SDK.js:26)
  cnvAsyncInit (https://nexus.ensighten.com/lacoste/us/Bootstrap.js:166)
  (anonymous function) (https://wpm.ccmp.eu/wpm/381/EU/Scripts/lacoste-SDK.js:1)
[ERROR - 2018-04-20T06:22:35.999Z] Session [35ae0c10-4463-11e8-a17c-bbb462b3c53a] - page.onError - msg: TypeError: undefined is not a constructor (evaluating 'b.error(a)')
[ERROR - 2018-04-20T06:22:36.000Z] Session [35ae0c10-4463-11e8-a17c-bbb462b3c53a] - page.onError - stack:
  init (https://wpm.ccmp.eu/wpm/381/EU/Scripts/lacoste-SDK.js:26)
  cnvAsyncInit (https://nexus.ensighten.com/lacoste/us/Bootstrap.js:166)
  (anonymous function) (https://wpm.ccmp.eu/wpm/381/EU/Scripts/lacoste-SDK.js:1)
[ERROR - 2018-04-20T06:22:44.767Z] Session [35ae0c10-4463-11e8-a17c-bbb462b3c53a] - page.onError - msg: TypeError: undefined is not a constructor (evaluating 'b.error(a)')
[ERROR - 2018-04-20T06:22:44.767Z] Session [35ae0c10-4463-11e8-a17c-bbb462b3c53a] - page.onError - stack:
  init (https://wpm.ccmp.eu/wpm/381/EU/Scripts/lacoste-SDK.js:26)
  cnvAsyncInit (https://nexus.ensighten.com/lacoste/us/Bootstrap.js:166)
  (anonymous function) (https://wpm.ccmp.eu/wpm/381/EU/Scripts/lacoste-SDK.js:1)
[ERROR - 2018-04-20T06:23:17.837Z] Session [4ea2bfe0-4463-11e8-b6e7-590d8687aa7d] - page.onError - msg: TypeError: undefined is not a constructor (evaluating 'b.error(a)')
[ERROR - 2018-04-20T06:23:17.837Z] Session [4ea2bfe0-4463-11e8-b6e7-590d8687aa7d] - page.onError - stack:
  init (https://wpm.ccmp.eu/wpm/381/EU/Scripts/lacoste-SDK.js:26)
  cnvAsyncInit (https://nexus.ensighten.com/lacoste/us/Bootstrap.js:166)
  (anonymous function) (https://wpm.ccmp.eu/wpm/381/EU/Scripts/lacoste-SDK.js:1)
[ERROR - 2018-04-20T06:23:24.803Z] Session [4ea2bfe0-4463-11e8-b6e7-590d8687aa7d] - page.onError - msg: TypeError: undefined is not a constructor (evaluating 'b.error(a)')
[ERROR - 2018-04-20T06:23:24.803Z] Session [4ea2bfe0-4463-11e8-b6e7-590d8687aa7d] - page.onError - stack:
  init (https://wpm.ccmp.eu/wpm/381/EU/Scripts/lacoste-SDK.js:26)
  cnvAsyncInit (https://nexus.ensighten.com/lacoste/us/Bootstrap.js:166)
  (anonymous function) (https://wpm.ccmp.eu/wpm/381/EU/Scripts/lacoste-SDK.js:1)
[ERROR - 2018-04-20T06:25:45.445Z] Session [a699aba0-4463-11e8-8785-3d0ef9d2ece7] - page.onError - msg: TypeError: undefined is not a constructor (evaluating 'b.error(a)')
[ERROR - 2018-04-20T06:25:45.446Z] Session [a699aba0-4463-11e8-8785-3d0ef9d2ece7] - page.onError - stack:
  init (https://wpm.ccmp.eu/wpm/381/EU/Scripts/lacoste-SDK.js:26)
  cnvAsyncInit (https://nexus.ensighten.com/lacoste/us/Bootstrap.js:166)
  (anonymous function) (https://wpm.ccmp.eu/wpm/381/EU/Scripts/lacoste-SDK.js:1)
[ERROR - 2018-04-20T06:25:51.682Z] Session [a699aba0-4463-11e8-8785-3d0ef9d2ece7] - page.onError - msg: TypeError: undefined is not a constructor (evaluating 'b.error(a)')
[ERROR - 2018-04-20T06:25:51.682Z] Session [a699aba0-4463-11e8-8785-3d0ef9d2ece7] - page.onError - stack:
  init (https://wpm.ccmp.eu/wpm/381/EU/Scripts/lacoste-SDK.js:26)
  cnvAsyncInit (https://nexus.ensighten.com/lacoste/us/Bootstrap.js:166)
  (anonymous function) (https://wpm.ccmp.eu/wpm/381/EU/Scripts/lacoste-SDK.js:1)
[ERROR - 2018-04-20T06:27:08.147Z] Session [d7809760-4463-11e8-bfcf-af1a88772cf9] - page.onError - msg: TypeError: undefined is not a constructor (evaluating 'b.error(a)')
[ERROR - 2018-04-20T06:27:08.147Z] Session [d7809760-4463-11e8-bfcf-af1a88772cf9] - page.onError - stack:
  init (https://wpm.ccmp.eu/wpm/381/EU/Scripts/lacoste-SDK.js:26)
  cnvAsyncInit (https://nexus.ensighten.com/lacoste/us/Bootstrap.js:166)
  (anonymous function) (https://wpm.ccmp.eu/wpm/381/EU/Scripts/lacoste-SDK.js:1)
[ERROR - 2018-04-20T06:27:15.323Z] Session [d7809760-4463-11e8-bfcf-af1a88772cf9] - page.onError - msg: TypeError: undefined is not a constructor (evaluating 'b.error(a)')
[ERROR - 2018-04-20T06:27:15.323Z] Session [d7809760-4463-11e8-bfcf-af1a88772cf9] - page.onError - stack:
  init (https://wpm.ccmp.eu/wpm/381/EU/Scripts/lacoste-SDK.js:26)
  cnvAsyncInit (https://nexus.ensighten.com/lacoste/us/Bootstrap.js:166)
  (anonymous function) (https://wpm.ccmp.eu/wpm/381/EU/Scripts/lacoste-SDK.js:1)
[ERROR - 2018-04-20T06:31:09.760Z] Session [67dc4f70-4464-11e8-a8ed-c3671d158603] - page.onError - msg: TypeError: undefined is not a constructor (evaluating 'b.error(a)')
[ERROR - 2018-04-20T06:31:09.760Z] Session [67dc4f70-4464-11e8-a8ed-c3671d158603] - page.onError - stack:
  init (https://wpm.ccmp.eu/wpm/381/EU/Scripts/lacoste-SDK.js:26)
  cnvAsyncInit (https://nexus.ensighten.com/lacoste/us/Bootstrap.js:166)
  (anonymous function) (https://wpm.ccmp.eu/wpm/381/EU/Scripts/lacoste-SDK.js:1)
[ERROR - 2018-04-20T06:31:17.344Z] Session [67dc4f70-4464-11e8-a8ed-c3671d158603] - page.onError - msg: TypeError: undefined is not a constructor (evaluating 'b.error(a)')
[ERROR - 2018-04-20T06:31:17.344Z] Session [67dc4f70-4464-11e8-a8ed-c3671d158603] - page.onError - stack:
  init (https://wpm.ccmp.eu/wpm/381/EU/Scripts/lacoste-SDK.js:26)
  cnvAsyncInit (https://nexus.ensighten.com/lacoste/us/Bootstrap.js:166)
  (anonymous function) (https://wpm.ccmp.eu/wpm/381/EU/Scripts/lacoste-SDK.js:1)
[ERROR - 2018-04-20T06:35:48.576Z] Session [0e04a050-4465-11e8-838d-49db22ed01c5] - page.onError - msg: TypeError: undefined is not a constructor (evaluating 'b.error(a)')
[ERROR - 2018-04-20T06:35:48.576Z] Session [0e04a050-4465-11e8-838d-49db22ed01c5] - page.onError - stack:
  init (https://wpm.ccmp.eu/wpm/381/EU/Scripts/lacoste-SDK.js:26)
  cnvAsyncInit (https://nexus.ensighten.com/lacoste/us/Bootstrap.js:166)
  (anonymous function) (https://wpm.ccmp.eu/wpm/381/EU/Scripts/lacoste-SDK.js:1)
[ERROR - 2018-04-20T06:35:55.837Z] Session [0e04a050-4465-11e8-838d-49db22ed01c5] - page.onError - msg: TypeError: undefined is not a constructor (evaluating 'b.error(a)')
[ERROR - 2018-04-20T06:35:55.837Z] Session [0e04a050-4465-11e8-838d-49db22ed01c5] - page.onError - stack:
  init (https://wpm.ccmp.eu/wpm/381/EU/Scripts/lacoste-SDK.js:26)
  cnvAsyncInit (https://nexus.ensighten.com/lacoste/us/Bootstrap.js:166)
  (anonymous function) (https://wpm.ccmp.eu/wpm/381/EU/Scripts/lacoste-SDK.js:1)
[ERROR - 2018-04-20T06:44:32.771Z] Session [4679a3d0-4466-11e8-ada5-93e87b3af65b] - page.onError - msg: TypeError: undefined is not a constructor (evaluating 'b.error(a)')
[ERROR - 2018-04-20T06:44:32.771Z] Session [4679a3d0-4466-11e8-ada5-93e87b3af65b] - page.onError - stack:
  init (https://wpm.ccmp.eu/wpm/381/EU/Scripts/lacoste-SDK.js:26)
  cnvAsyncInit (https://nexus.ensighten.com/lacoste/us/Bootstrap.js:166)
  (anonymous function) (https://wpm.ccmp.eu/wpm/381/EU/Scripts/lacoste-SDK.js:1)
[ERROR - 2018-04-20T06:44:41.542Z] Session [4679a3d0-4466-11e8-ada5-93e87b3af65b] - page.onError - msg: TypeError: undefined is not a constructor (evaluating 'b.error(a)')
[ERROR - 2018-04-20T06:44:41.543Z] Session [4679a3d0-4466-11e8-ada5-93e87b3af65b] - page.onError - stack:
  init (https://wpm.ccmp.eu/wpm/381/EU/Scripts/lacoste-SDK.js:26)
  cnvAsyncInit (https://nexus.ensighten.com/lacoste/us/Bootstrap.js:166)
  (anonymous function) (https://wpm.ccmp.eu/wpm/381/EU/Scripts/lacoste-SDK.js:1)
[ERROR - 2018-04-20T06:46:31.240Z] Session [8d142220-4466-11e8-967f-e16873872e1f] - page.onError - msg: TypeError: undefined is not a constructor (evaluating 'b.error(a)')
[ERROR - 2018-04-20T06:46:31.241Z] Session [8d142220-4466-11e8-967f-e16873872e1f] - page.onError - stack:
  init (https://wpm.ccmp.eu/wpm/381/EU/Scripts/lacoste-SDK.js:26)
  cnvAsyncInit (https://nexus.ensighten.com/lacoste/us/Bootstrap.js:166)
  (anonymous function) (https://wpm.ccmp.eu/wpm/381/EU/Scripts/lacoste-SDK.js:1)
[ERROR - 2018-04-20T06:46:36.086Z] WebElementLocator - _handleLocateCommand - Element(s) NOT Found: GAVE UP. Search Stop Time: 1524206796059
[ERROR - 2018-04-20T06:46:38.280Z] Session [8d142220-4466-11e8-967f-e16873872e1f] - page.onError - msg: TypeError: undefined is not a constructor (evaluating 'b.error(a)')
[ERROR - 2018-04-20T06:46:38.280Z] Session [8d142220-4466-11e8-967f-e16873872e1f] - page.onError - stack:
  init (https://wpm.ccmp.eu/wpm/381/EU/Scripts/lacoste-SDK.js:26)
  cnvAsyncInit (https://nexus.ensighten.com/lacoste/us/Bootstrap.js:166)
  (anonymous function) (https://wpm.ccmp.eu/wpm/381/EU/Scripts/lacoste-SDK.js:1)
[ERROR - 2018-04-20T06:53:32.954Z] Session [888c3390-4467-11e8-8dfa-5dd654547745] - page.onError - msg: TypeError: undefined is not a constructor (evaluating 'b.error(a)')
[ERROR - 2018-04-20T06:53:32.955Z] Session [888c3390-4467-11e8-8dfa-5dd654547745] - page.onError - stack:
  init (https://wpm.ccmp.eu/wpm/381/EU/Scripts/lacoste-SDK.js:26)
  cnvAsyncInit (https://nexus.ensighten.com/lacoste/us/Bootstrap.js:166)
  (anonymous function) (https://wpm.ccmp.eu/wpm/381/EU/Scripts/lacoste-SDK.js:1)
[ERROR - 2018-04-20T06:53:38.930Z] Session [888c3390-4467-11e8-8dfa-5dd654547745] - page.onError - msg: TypeError: undefined is not a constructor (evaluating 'b.error(a)')
[ERROR - 2018-04-20T06:53:38.932Z] Session [888c3390-4467-11e8-8dfa-5dd654547745] - page.onError - stack:
  init (https://wpm.ccmp.eu/wpm/381/EU/Scripts/lacoste-SDK.js:26)
  cnvAsyncInit (https://nexus.ensighten.com/lacoste/us/Bootstrap.js:166)
  (anonymous function) (https://wpm.ccmp.eu/wpm/381/EU/Scripts/lacoste-SDK.js:1)
[ERROR - 2018-04-20T07:06:40.466Z] Session [5ccaf5a0-4469-11e8-be6d-0f91ce2cd4c3] - page.onError - msg: TypeError: undefined is not a constructor (evaluating 'b.error(a)')
[ERROR - 2018-04-20T07:06:40.467Z] Session [5ccaf5a0-4469-11e8-be6d-0f91ce2cd4c3] - page.onError - stack:
  init (https://wpm.ccmp.eu/wpm/381/EU/Scripts/lacoste-SDK.js:26)
  cnvAsyncInit (https://nexus.ensighten.com/lacoste/us/Bootstrap.js:166)
  (anonymous function) (https://wpm.ccmp.eu/wpm/381/EU/Scripts/lacoste-SDK.js:1)
[ERROR - 2018-04-20T07:06:47.837Z] Session [5ccaf5a0-4469-11e8-be6d-0f91ce2cd4c3] - page.onError - msg: TypeError: undefined is not a constructor (evaluating 'b.error(a)')
[ERROR - 2018-04-20T07:06:47.837Z] Session [5ccaf5a0-4469-11e8-be6d-0f91ce2cd4c3] - page.onError - stack:
  init (https://wpm.ccmp.eu/wpm/381/EU/Scripts/lacoste-SDK.js:26)
  cnvAsyncInit (https://nexus.ensighten.com/lacoste/us/Bootstrap.js:166)
  (anonymous function) (https://wpm.ccmp.eu/wpm/381/EU/Scripts/lacoste-SDK.js:1)
[ERROR - 2018-04-20T07:06:48.881Z] Session [5ccaf5a0-4469-11e8-be6d-0f91ce2cd4c3] - page.onError - msg: TypeError: undefined is not an object (evaluating 'utag_data.product.items')
[ERROR - 2018-04-20T07:06:48.881Z] Session [5ccaf5a0-4469-11e8-be6d-0f91ce2cd4c3] - page.onError - stack:
  i (https://js.rmtag.com/110248.ct.js:1)
  i (https://js.rmtag.com/110248.ct.js:1)
  signalRun (https://js.rmtag.com/110248.ct.js:1)
  i (https://js.rmtag.com/110248.ct.js:1)
  signalRun (https://js.rmtag.com/110248.ct.js:1)
  i (https://js.rmtag.com/110248.ct.js:1)
  signalRun (https://js.rmtag.com/110248.ct.js:1)
  i (https://js.rmtag.com/110248.ct.js:1)
  signalRun (https://js.rmtag.com/110248.ct.js:1)
  i (https://js.rmtag.com/110248.ct.js:1)
  signalRun (https://js.rmtag.com/110248.ct.js:1)
  i (https://js.rmtag.com/110248.ct.js:1)
  signalRun (https://js.rmtag.com/110248.ct.js:1)
  i (https://js.rmtag.com/110248.ct.js:1)
  signalRun (https://js.rmtag.com/110248.ct.js:1)
  i (https://js.rmtag.com/110248.ct.js:1)
[ERROR - 2018-04-20T07:06:54.431Z] WebElementLocator - _handleLocateCommand - Element(s) NOT Found: GAVE UP. Search Stop Time: 1524208014399
[ERROR - 2018-04-20T07:06:56.428Z] Session [5ccaf5a0-4469-11e8-be6d-0f91ce2cd4c3] - page.onError - msg: TypeError: undefined is not a constructor (evaluating 'b.error(a)')
[ERROR - 2018-04-20T07:06:56.428Z] Session [5ccaf5a0-4469-11e8-be6d-0f91ce2cd4c3] - page.onError - stack:
  init (https://wpm.ccmp.eu/wpm/381/EU/Scripts/lacoste-SDK.js:26)
  cnvAsyncInit (https://nexus.ensighten.com/lacoste/us/Bootstrap.js:166)
  (anonymous function) (https://wpm.ccmp.eu/wpm/381/EU/Scripts/lacoste-SDK.js:1)
[ERROR - 2018-04-20T07:08:34.893Z] Session [a1ee3d40-4469-11e8-8cea-21c991e547db] - page.onError - msg: TypeError: undefined is not a constructor (evaluating 'b.error(a)')
[ERROR - 2018-04-20T07:08:34.894Z] Session [a1ee3d40-4469-11e8-8cea-21c991e547db] - page.onError - stack:
  init (https://wpm.ccmp.eu/wpm/381/EU/Scripts/lacoste-SDK.js:26)
  cnvAsyncInit (https://nexus.ensighten.com/lacoste/us/Bootstrap.js:166)
  (anonymous function) (https://wpm.ccmp.eu/wpm/381/EU/Scripts/lacoste-SDK.js:1)
[ERROR - 2018-04-20T07:08:42.232Z] Session [a1ee3d40-4469-11e8-8cea-21c991e547db] - page.onError - msg: TypeError: undefined is not a constructor (evaluating 'b.error(a)')
[ERROR - 2018-04-20T07:08:42.233Z] Session [a1ee3d40-4469-11e8-8cea-21c991e547db] - page.onError - stack:
  init (https://wpm.ccmp.eu/wpm/381/EU/Scripts/lacoste-SDK.js:26)
  cnvAsyncInit (https://nexus.ensighten.com/lacoste/us/Bootstrap.js:166)
  (anonymous function) (https://wpm.ccmp.eu/wpm/381/EU/Scripts/lacoste-SDK.js:1)
[ERROR - 2018-04-20T07:08:43.881Z] Session [a1ee3d40-4469-11e8-8cea-21c991e547db] - page.onError - msg: TypeError: undefined is not an object (evaluating 'utag_data.product.items')
[ERROR - 2018-04-20T07:08:43.882Z] Session [a1ee3d40-4469-11e8-8cea-21c991e547db] - page.onError - stack:
  i (https://js.rmtag.com/110248.ct.js:1)
  i (https://js.rmtag.com/110248.ct.js:1)
  signalRun (https://js.rmtag.com/110248.ct.js:1)
  i (https://js.rmtag.com/110248.ct.js:1)
  signalRun (https://js.rmtag.com/110248.ct.js:1)
  i (https://js.rmtag.com/110248.ct.js:1)
  signalRun (https://js.rmtag.com/110248.ct.js:1)
  i (https://js.rmtag.com/110248.ct.js:1)
  signalRun (https://js.rmtag.com/110248.ct.js:1)
  i (https://js.rmtag.com/110248.ct.js:1)
  signalRun (https://js.rmtag.com/110248.ct.js:1)
  i (https://js.rmtag.com/110248.ct.js:1)
  signalRun (https://js.rmtag.com/110248.ct.js:1)
  i (https://js.rmtag.com/110248.ct.js:1)
  signalRun (https://js.rmtag.com/110248.ct.js:1)
  i (https://js.rmtag.com/110248.ct.js:1)
[ERROR - 2018-04-20T07:08:44.120Z] Session [a1ee3d40-4469-11e8-8cea-21c991e547db] - page.onError - msg: TypeError: undefined is not a constructor (evaluating 'b.error(a)')
[ERROR - 2018-04-20T07:08:44.120Z] Session [a1ee3d40-4469-11e8-8cea-21c991e547db] - page.onError - stack:
  init (https://wpm.ccmp.eu/wpm/381/EU/Scripts/lacoste-SDK.js:26)
  cnvAsyncInit (https://nexus.ensighten.com/lacoste/us/Bootstrap.js:166)
  (anonymous function) (https://wpm.ccmp.eu/wpm/381/EU/Scripts/lacoste-SDK.js:1)
[ERROR - 2018-04-20T07:08:49.742Z] WebElementLocator - _handleLocateCommand - Element(s) NOT Found: GAVE UP. Search Stop Time: 1524208129709
[ERROR - 2018-04-20T07:08:51.845Z] Session [a1ee3d40-4469-11e8-8cea-21c991e547db] - page.onError - msg: TypeError: undefined is not a constructor (evaluating 'b.error(a)')
[ERROR - 2018-04-20T07:08:51.845Z] Session [a1ee3d40-4469-11e8-8cea-21c991e547db] - page.onError - stack:
  init (https://wpm.ccmp.eu/wpm/381/EU/Scripts/lacoste-SDK.js:26)
  cnvAsyncInit (https://nexus.ensighten.com/lacoste/us/Bootstrap.js:166)
  (anonymous function) (https://wpm.ccmp.eu/wpm/381/EU/Scripts/lacoste-SDK.js:1)
[ERROR - 2018-04-20T07:10:01.128Z] Session [d5a62350-4469-11e8-b39e-4f9cab738e73] - page.onError - msg: TypeError: undefined is not a constructor (evaluating 'b.error(a)')
[ERROR - 2018-04-20T07:10:01.129Z] Session [d5a62350-4469-11e8-b39e-4f9cab738e73] - page.onError - stack:
  init (https://wpm.ccmp.eu/wpm/381/EU/Scripts/lacoste-SDK.js:26)
  cnvAsyncInit (https://nexus.ensighten.com/lacoste/us/Bootstrap.js:166)
  (anonymous function) (https://wpm.ccmp.eu/wpm/381/EU/Scripts/lacoste-SDK.js:1)
[ERROR - 2018-04-20T07:10:09.290Z] Session [d5a62350-4469-11e8-b39e-4f9cab738e73] - page.onError - msg: TypeError: undefined is not a constructor (evaluating 'b.error(a)')
[ERROR - 2018-04-20T07:10:09.290Z] Session [d5a62350-4469-11e8-b39e-4f9cab738e73] - page.onError - stack:
  init (https://wpm.ccmp.eu/wpm/381/EU/Scripts/lacoste-SDK.js:26)
  cnvAsyncInit (https://nexus.ensighten.com/lacoste/us/Bootstrap.js:166)
  (anonymous function) (https://wpm.ccmp.eu/wpm/381/EU/Scripts/lacoste-SDK.js:1)
[ERROR - 2018-04-20T07:10:18.578Z] Session [d5a62350-4469-11e8-b39e-4f9cab738e73] - page.onError - msg: TypeError: undefined is not a constructor (evaluating 'b.error(a)')
[ERROR - 2018-04-20T07:10:18.579Z] Session [d5a62350-4469-11e8-b39e-4f9cab738e73] - page.onError - stack:
  init (https://wpm.ccmp.eu/wpm/381/EU/Scripts/lacoste-SDK.js:26)
  cnvAsyncInit (https://nexus.ensighten.com/lacoste/us/Bootstrap.js:166)
  (anonymous function) (https://wpm.ccmp.eu/wpm/381/EU/Scripts/lacoste-SDK.js:1)
[ERROR - 2018-04-20T07:12:57.500Z] Session [3ed68b30-446a-11e8-8527-45215bc9223f] - page.onError - msg: TypeError: undefined is not an object (evaluating 'utag_data.product.items')
[ERROR - 2018-04-20T07:12:57.500Z] Session [3ed68b30-446a-11e8-8527-45215bc9223f] - page.onError - stack:
  i (https://js.rmtag.com/110248.ct.js:1)
  i (https://js.rmtag.com/110248.ct.js:1)
  signalRun (https://js.rmtag.com/110248.ct.js:1)
  i (https://js.rmtag.com/110248.ct.js:1)
  signalRun (https://js.rmtag.com/110248.ct.js:1)
  i (https://js.rmtag.com/110248.ct.js:1)
  signalRun (https://js.rmtag.com/110248.ct.js:1)
  i (https://js.rmtag.com/110248.ct.js:1)
  signalRun (https://js.rmtag.com/110248.ct.js:1)
  i (https://js.rmtag.com/110248.ct.js:1)
  signalRun (https://js.rmtag.com/110248.ct.js:1)
  i (https://js.rmtag.com/110248.ct.js:1)
  signalRun (https://js.rmtag.com/110248.ct.js:1)
  i (https://js.rmtag.com/110248.ct.js:1)
  signalRun (https://js.rmtag.com/110248.ct.js:1)
  i (https://js.rmtag.com/110248.ct.js:1)
[ERROR - 2018-04-20T07:12:57.858Z] Session [3ed68b30-446a-11e8-8527-45215bc9223f] - page.onError - msg: TypeError: undefined is not a constructor (evaluating 'b.error(a)')
[ERROR - 2018-04-20T07:12:57.858Z] Session [3ed68b30-446a-11e8-8527-45215bc9223f] - page.onError - stack:
  init (https://wpm.ccmp.eu/wpm/381/EU/Scripts/lacoste-SDK.js:26)
  cnvAsyncInit (https://nexus.ensighten.com/lacoste/us/Bootstrap.js:166)
  (anonymous function) (https://wpm.ccmp.eu/wpm/381/EU/Scripts/lacoste-SDK.js:1)
[ERROR - 2018-04-20T07:13:05.898Z] Session [3ed68b30-446a-11e8-8527-45215bc9223f] - page.onError - msg: TypeError: undefined is not a constructor (evaluating 'b.error(a)')
[ERROR - 2018-04-20T07:13:05.899Z] Session [3ed68b30-446a-11e8-8527-45215bc9223f] - page.onError - stack:
  init (https://wpm.ccmp.eu/wpm/381/EU/Scripts/lacoste-SDK.js:26)
  cnvAsyncInit (https://nexus.ensighten.com/lacoste/us/Bootstrap.js:166)
  (anonymous function) (https://wpm.ccmp.eu/wpm/381/EU/Scripts/lacoste-SDK.js:1)
[ERROR - 2018-04-20T07:13:21.740Z] Session [4d201350-446a-11e8-9d04-c5b8fa031e7c] - page.onError - msg: TypeError: undefined is not an object (evaluating 'utag_data.product.items')
[ERROR - 2018-04-20T07:13:21.740Z] Session [4d201350-446a-11e8-9d04-c5b8fa031e7c] - page.onError - stack:
  i (https://js.rmtag.com/110248.ct.js:1)
  i (https://js.rmtag.com/110248.ct.js:1)
  signalRun (https://js.rmtag.com/110248.ct.js:1)
  i (https://js.rmtag.com/110248.ct.js:1)
  signalRun (https://js.rmtag.com/110248.ct.js:1)
  i (https://js.rmtag.com/110248.ct.js:1)
  signalRun (https://js.rmtag.com/110248.ct.js:1)
  i (https://js.rmtag.com/110248.ct.js:1)
  signalRun (https://js.rmtag.com/110248.ct.js:1)
  i (https://js.rmtag.com/110248.ct.js:1)
  signalRun (https://js.rmtag.com/110248.ct.js:1)
  i (https://js.rmtag.com/110248.ct.js:1)
  signalRun (https://js.rmtag.com/110248.ct.js:1)
  i (https://js.rmtag.com/110248.ct.js:1)
  signalRun (https://js.rmtag.com/110248.ct.js:1)
  i (https://js.rmtag.com/110248.ct.js:1)
[ERROR - 2018-04-20T07:13:22.416Z] Session [4d201350-446a-11e8-9d04-c5b8fa031e7c] - page.onError - msg: TypeError: undefined is not a constructor (evaluating 'b.error(a)')
[ERROR - 2018-04-20T07:13:22.416Z] Session [4d201350-446a-11e8-9d04-c5b8fa031e7c] - page.onError - stack:
  init (https://wpm.ccmp.eu/wpm/381/EU/Scripts/lacoste-SDK.js:26)
  cnvAsyncInit (https://nexus.ensighten.com/lacoste/us/Bootstrap.js:166)
  (anonymous function) (https://wpm.ccmp.eu/wpm/381/EU/Scripts/lacoste-SDK.js:1)
[ERROR - 2018-04-20T07:14:01.108Z] Session [4d201350-446a-11e8-9d04-c5b8fa031e7c] - page.onError - msg: TypeError: undefined is not a constructor (evaluating 'b.error(a)')
[ERROR - 2018-04-20T07:14:01.109Z] Session [4d201350-446a-11e8-9d04-c5b8fa031e7c] - page.onError - stack:
  init (https://wpm.ccmp.eu/wpm/381/EU/Scripts/lacoste-SDK.js:26)
  cnvAsyncInit (https://nexus.ensighten.com/lacoste/us/Bootstrap.js:166)
  (anonymous function) (https://wpm.ccmp.eu/wpm/381/EU/Scripts/lacoste-SDK.js:1)
[ERROR - 2018-04-20T07:15:19.252Z] Session [933b2870-446a-11e8-87a1-d9d2cfbdac89] - page.onError - msg: TypeError: undefined is not an object (evaluating 'utag_data.product.items')
[ERROR - 2018-04-20T07:15:19.253Z] Session [933b2870-446a-11e8-87a1-d9d2cfbdac89] - page.onError - stack:
  i (https://js.rmtag.com/110248.ct.js:1)
  i (https://js.rmtag.com/110248.ct.js:1)
  signalRun (https://js.rmtag.com/110248.ct.js:1)
  i (https://js.rmtag.com/110248.ct.js:1)
  signalRun (https://js.rmtag.com/110248.ct.js:1)
  i (https://js.rmtag.com/110248.ct.js:1)
  signalRun (https://js.rmtag.com/110248.ct.js:1)
  i (https://js.rmtag.com/110248.ct.js:1)
  signalRun (https://js.rmtag.com/110248.ct.js:1)
  i (https://js.rmtag.com/110248.ct.js:1)
  signalRun (https://js.rmtag.com/110248.ct.js:1)
  i (https://js.rmtag.com/110248.ct.js:1)
  signalRun (https://js.rmtag.com/110248.ct.js:1)
  i (https://js.rmtag.com/110248.ct.js:1)
  signalRun (https://js.rmtag.com/110248.ct.js:1)
  i (https://js.rmtag.com/110248.ct.js:1)
[ERROR - 2018-04-20T07:15:19.506Z] Session [933b2870-446a-11e8-87a1-d9d2cfbdac89] - page.onError - msg: TypeError: undefined is not a constructor (evaluating 'b.error(a)')
[ERROR - 2018-04-20T07:15:19.506Z] Session [933b2870-446a-11e8-87a1-d9d2cfbdac89] - page.onError - stack:
  init (https://wpm.ccmp.eu/wpm/381/EU/Scripts/lacoste-SDK.js:26)
  cnvAsyncInit (https://nexus.ensighten.com/lacoste/us/Bootstrap.js:166)
  (anonymous function) (https://wpm.ccmp.eu/wpm/381/EU/Scripts/lacoste-SDK.js:1)
[ERROR - 2018-04-20T07:15:27.581Z] Session [933b2870-446a-11e8-87a1-d9d2cfbdac89] - page.onError - msg: TypeError: undefined is not a constructor (evaluating 'b.error(a)')
[ERROR - 2018-04-20T07:15:27.582Z] Session [933b2870-446a-11e8-87a1-d9d2cfbdac89] - page.onError - stack:
  init (https://wpm.ccmp.eu/wpm/381/EU/Scripts/lacoste-SDK.js:26)
  cnvAsyncInit (https://nexus.ensighten.com/lacoste/us/Bootstrap.js:166)
  (anonymous function) (https://wpm.ccmp.eu/wpm/381/EU/Scripts/lacoste-SDK.js:1)
[ERROR - 2018-04-20T07:17:11.692Z] Session [d629b5c0-446a-11e8-88ad-df3059a4ed2f] - page.onError - msg: TypeError: undefined is not an object (evaluating 'utag_data.product.items')
[ERROR - 2018-04-20T07:17:11.693Z] Session [d629b5c0-446a-11e8-88ad-df3059a4ed2f] - page.onError - stack:
  i (https://js.rmtag.com/110248.ct.js:1)
  i (https://js.rmtag.com/110248.ct.js:1)
  signalRun (https://js.rmtag.com/110248.ct.js:1)
  i (https://js.rmtag.com/110248.ct.js:1)
  signalRun (https://js.rmtag.com/110248.ct.js:1)
  i (https://js.rmtag.com/110248.ct.js:1)
  signalRun (https://js.rmtag.com/110248.ct.js:1)
  i (https://js.rmtag.com/110248.ct.js:1)
  signalRun (https://js.rmtag.com/110248.ct.js:1)
  i (https://js.rmtag.com/110248.ct.js:1)
  signalRun (https://js.rmtag.com/110248.ct.js:1)
  i (https://js.rmtag.com/110248.ct.js:1)
  signalRun (https://js.rmtag.com/110248.ct.js:1)
  i (https://js.rmtag.com/110248.ct.js:1)
  signalRun (https://js.rmtag.com/110248.ct.js:1)
  i (https://js.rmtag.com/110248.ct.js:1)
[ERROR - 2018-04-20T07:20:43.723Z] Session [524604b0-446b-11e8-a931-333943226b4b] - page.onError - msg: TypeError: undefined is not a constructor (evaluating 'b.error(a)')
[ERROR - 2018-04-20T07:20:43.724Z] Session [524604b0-446b-11e8-a931-333943226b4b] - page.onError - stack:
  init (https://wpm.ccmp.eu/wpm/381/EU/Scripts/lacoste-SDK.js:26)
  cnvAsyncInit (https://nexus.ensighten.com/lacoste/us/Bootstrap.js:166)
  (anonymous function) (https://wpm.ccmp.eu/wpm/381/EU/Scripts/lacoste-SDK.js:1)
[ERROR - 2018-04-20T07:20:53.604Z] Session [524604b0-446b-11e8-a931-333943226b4b] - page.onError - msg: TypeError: undefined is not a constructor (evaluating 'b.error(a)')
[ERROR - 2018-04-20T07:20:53.604Z] Session [524604b0-446b-11e8-a931-333943226b4b] - page.onError - stack:
  init (https://wpm.ccmp.eu/wpm/381/EU/Scripts/lacoste-SDK.js:26)
  cnvAsyncInit (https://nexus.ensighten.com/lacoste/us/Bootstrap.js:166)
  (anonymous function) (https://wpm.ccmp.eu/wpm/381/EU/Scripts/lacoste-SDK.js:1)
[ERROR - 2018-04-20T07:21:48.982Z] Session [7b3217b0-446b-11e8-be9f-7fe234594c66] - page.onError - msg: TypeError: undefined is not a constructor (evaluating 'b.error(a)')
[ERROR - 2018-04-20T07:21:48.983Z] Session [7b3217b0-446b-11e8-be9f-7fe234594c66] - page.onError - stack:
  init (https://wpm.ccmp.eu/wpm/381/EU/Scripts/lacoste-SDK.js:26)
  cnvAsyncInit (https://nexus.ensighten.com/lacoste/us/Bootstrap.js:166)
  (anonymous function) (https://wpm.ccmp.eu/wpm/381/EU/Scripts/lacoste-SDK.js:1)
[ERROR - 2018-04-20T07:21:54.285Z] Session [7b3217b0-446b-11e8-be9f-7fe234594c66] - page.onError - msg: TypeError: undefined is not a constructor (evaluating 'b.error(a)')
[ERROR - 2018-04-20T07:21:54.285Z] Session [7b3217b0-446b-11e8-be9f-7fe234594c66] - page.onError - stack:
  init (https://wpm.ccmp.eu/wpm/381/EU/Scripts/lacoste-SDK.js:26)
  cnvAsyncInit (https://nexus.ensighten.com/lacoste/us/Bootstrap.js:166)
  (anonymous function) (https://wpm.ccmp.eu/wpm/381/EU/Scripts/lacoste-SDK.js:1)
[ERROR - 2018-04-20T07:25:40.614Z] Session [05760ee0-446c-11e8-9043-67eda1aa81a9] - page.onError - msg: TypeError: undefined is not an object (evaluating 'utag_data.product.items')
[ERROR - 2018-04-20T07:25:40.614Z] Session [05760ee0-446c-11e8-9043-67eda1aa81a9] - page.onError - stack:
  i (https://js.rmtag.com/110248.ct.js:1)
  i (https://js.rmtag.com/110248.ct.js:1)
  signalRun (https://js.rmtag.com/110248.ct.js:1)
  i (https://js.rmtag.com/110248.ct.js:1)
  signalRun (https://js.rmtag.com/110248.ct.js:1)
  i (https://js.rmtag.com/110248.ct.js:1)
  signalRun (https://js.rmtag.com/110248.ct.js:1)
  i (https://js.rmtag.com/110248.ct.js:1)
  signalRun (https://js.rmtag.com/110248.ct.js:1)
  i (https://js.rmtag.com/110248.ct.js:1)
  signalRun (https://js.rmtag.com/110248.ct.js:1)
  i (https://js.rmtag.com/110248.ct.js:1)
  signalRun (https://js.rmtag.com/110248.ct.js:1)
  i (https://js.rmtag.com/110248.ct.js:1)
  signalRun (https://js.rmtag.com/110248.ct.js:1)
  i (https://js.rmtag.com/110248.ct.js:1)
[ERROR - 2018-04-20T07:25:41.046Z] Session [05760ee0-446c-11e8-9043-67eda1aa81a9] - page.onError - msg: TypeError: undefined is not a constructor (evaluating 'b.error(a)')
[ERROR - 2018-04-20T07:25:41.046Z] Session [05760ee0-446c-11e8-9043-67eda1aa81a9] - page.onError - stack:
  init (https://wpm.ccmp.eu/wpm/381/EU/Scripts/lacoste-SDK.js:26)
  cnvAsyncInit (https://nexus.ensighten.com/lacoste/us/Bootstrap.js:166)
  (anonymous function) (https://wpm.ccmp.eu/wpm/381/EU/Scripts/lacoste-SDK.js:1)
[ERROR - 2018-04-20T07:25:55.220Z] Session [05760ee0-446c-11e8-9043-67eda1aa81a9] - page.onError - msg: TypeError: undefined is not a constructor (evaluating 'b.error(a)')
[ERROR - 2018-04-20T07:25:55.220Z] Session [05760ee0-446c-11e8-9043-67eda1aa81a9] - page.onError - stack:
  init (https://wpm.ccmp.eu/wpm/381/EU/Scripts/lacoste-SDK.js:26)
  cnvAsyncInit (https://nexus.ensighten.com/lacoste/us/Bootstrap.js:166)
  (anonymous function) (https://wpm.ccmp.eu/wpm/381/EU/Scripts/lacoste-SDK.js:1)
[ERROR - 2018-04-20T07:31:27.283Z] Session [d4590280-446c-11e8-9599-6f338c6a6150] - page.onError - msg: TypeError: undefined is not an object (evaluating 'utag_data.product.items')
[ERROR - 2018-04-20T07:31:27.283Z] Session [d4590280-446c-11e8-9599-6f338c6a6150] - page.onError - stack:
  i (https://js.rmtag.com/110248.ct.js:1)
  i (https://js.rmtag.com/110248.ct.js:1)
  signalRun (https://js.rmtag.com/110248.ct.js:1)
  i (https://js.rmtag.com/110248.ct.js:1)
  signalRun (https://js.rmtag.com/110248.ct.js:1)
  i (https://js.rmtag.com/110248.ct.js:1)
  signalRun (https://js.rmtag.com/110248.ct.js:1)
  i (https://js.rmtag.com/110248.ct.js:1)
  signalRun (https://js.rmtag.com/110248.ct.js:1)
  i (https://js.rmtag.com/110248.ct.js:1)
  signalRun (https://js.rmtag.com/110248.ct.js:1)
  i (https://js.rmtag.com/110248.ct.js:1)
  signalRun (https://js.rmtag.com/110248.ct.js:1)
  i (https://js.rmtag.com/110248.ct.js:1)
  signalRun (https://js.rmtag.com/110248.ct.js:1)
  i (https://js.rmtag.com/110248.ct.js:1)
[ERROR - 2018-04-20T07:31:27.638Z] Session [d4590280-446c-11e8-9599-6f338c6a6150] - page.onError - msg: TypeError: undefined is not a constructor (evaluating 'b.error(a)')
[ERROR - 2018-04-20T07:31:27.638Z] Session [d4590280-446c-11e8-9599-6f338c6a6150] - page.onError - stack:
  init (https://wpm.ccmp.eu/wpm/381/EU/Scripts/lacoste-SDK.js:26)
  cnvAsyncInit (https://nexus.ensighten.com/lacoste/us/Bootstrap.js:166)
  (anonymous function) (https://wpm.ccmp.eu/wpm/381/EU/Scripts/lacoste-SDK.js:1)
[ERROR - 2018-04-20T07:31:34.946Z] Session [d4590280-446c-11e8-9599-6f338c6a6150] - page.onError - msg: TypeError: undefined is not a constructor (evaluating 'b.error(a)')
[ERROR - 2018-04-20T07:31:34.946Z] Session [d4590280-446c-11e8-9599-6f338c6a6150] - page.onError - stack:
  init (https://wpm.ccmp.eu/wpm/381/EU/Scripts/lacoste-SDK.js:26)
  cnvAsyncInit (https://nexus.ensighten.com/lacoste/us/Bootstrap.js:166)
  (anonymous function) (https://wpm.ccmp.eu/wpm/381/EU/Scripts/lacoste-SDK.js:1)
[ERROR - 2018-04-20T07:33:12.145Z] Session [12b361b0-446d-11e8-a0c7-e97b4bc3efcd] - page.onError - msg: TypeError: undefined is not an object (evaluating 'utag_data.product.items')
[ERROR - 2018-04-20T07:33:12.145Z] Session [12b361b0-446d-11e8-a0c7-e97b4bc3efcd] - page.onError - stack:
  i (https://js.rmtag.com/110248.ct.js:1)
  i (https://js.rmtag.com/110248.ct.js:1)
  signalRun (https://js.rmtag.com/110248.ct.js:1)
  i (https://js.rmtag.com/110248.ct.js:1)
  signalRun (https://js.rmtag.com/110248.ct.js:1)
  i (https://js.rmtag.com/110248.ct.js:1)
  signalRun (https://js.rmtag.com/110248.ct.js:1)
  i (https://js.rmtag.com/110248.ct.js:1)
  signalRun (https://js.rmtag.com/110248.ct.js:1)
  i (https://js.rmtag.com/110248.ct.js:1)
  signalRun (https://js.rmtag.com/110248.ct.js:1)
  i (https://js.rmtag.com/110248.ct.js:1)
  signalRun (https://js.rmtag.com/110248.ct.js:1)
  i (https://js.rmtag.com/110248.ct.js:1)
  signalRun (https://js.rmtag.com/110248.ct.js:1)
  i (https://js.rmtag.com/110248.ct.js:1)
[ERROR - 2018-04-20T07:37:00.663Z] Session [9b0f8610-446d-11e8-82a8-bfcf27efe723] - page.onError - msg: TypeError: undefined is not an object (evaluating 'utag_data.product.items')
[ERROR - 2018-04-20T07:37:00.664Z] Session [9b0f8610-446d-11e8-82a8-bfcf27efe723] - page.onError - stack:
  i (https://js.rmtag.com/110248.ct.js:1)
  i (https://js.rmtag.com/110248.ct.js:1)
  signalRun (https://js.rmtag.com/110248.ct.js:1)
  i (https://js.rmtag.com/110248.ct.js:1)
  signalRun (https://js.rmtag.com/110248.ct.js:1)
  i (https://js.rmtag.com/110248.ct.js:1)
  signalRun (https://js.rmtag.com/110248.ct.js:1)
  i (https://js.rmtag.com/110248.ct.js:1)
  signalRun (https://js.rmtag.com/110248.ct.js:1)
  i (https://js.rmtag.com/110248.ct.js:1)
  signalRun (https://js.rmtag.com/110248.ct.js:1)
  i (https://js.rmtag.com/110248.ct.js:1)
  signalRun (https://js.rmtag.com/110248.ct.js:1)
  i (https://js.rmtag.com/110248.ct.js:1)
  signalRun (https://js.rmtag.com/110248.ct.js:1)
  i (https://js.rmtag.com/110248.ct.js:1)
[ERROR - 2018-04-20T07:37:01.168Z] Session [9b0f8610-446d-11e8-82a8-bfcf27efe723] - page.onError - msg: TypeError: undefined is not a constructor (evaluating 'b.error(a)')
[ERROR - 2018-04-20T07:37:01.168Z] Session [9b0f8610-446d-11e8-82a8-bfcf27efe723] - page.onError - stack:
  init (https://wpm.ccmp.eu/wpm/381/EU/Scripts/lacoste-SDK.js:26)
  cnvAsyncInit (https://nexus.ensighten.com/lacoste/us/Bootstrap.js:166)
  (anonymous function) (https://wpm.ccmp.eu/wpm/381/EU/Scripts/lacoste-SDK.js:1)
[ERROR - 2018-04-20T07:37:10.166Z] Session [9b0f8610-446d-11e8-82a8-bfcf27efe723] - page.onError - msg: TypeError: undefined is not a constructor (evaluating 'b.error(a)')
[ERROR - 2018-04-20T07:37:10.166Z] Session [9b0f8610-446d-11e8-82a8-bfcf27efe723] - page.onError - stack:
  init (https://wpm.ccmp.eu/wpm/381/EU/Scripts/lacoste-SDK.js:26)
  cnvAsyncInit (https://nexus.ensighten.com/lacoste/us/Bootstrap.js:166)
  (anonymous function) (https://wpm.ccmp.eu/wpm/381/EU/Scripts/lacoste-SDK.js:1)
[ERROR - 2018-04-20T07:37:47.648Z] Session [b67b0640-446d-11e8-a8c7-6bfdea212bd9] - page.onError - msg: TypeError: undefined is not a constructor (evaluating 'b.error(a)')
[ERROR - 2018-04-20T07:37:47.648Z] Session [b67b0640-446d-11e8-a8c7-6bfdea212bd9] - page.onError - stack:
  init (https://wpm.ccmp.eu/wpm/381/EU/Scripts/lacoste-SDK.js:26)
  cnvAsyncInit (https://nexus.ensighten.com/lacoste/us/Bootstrap.js:166)
  (anonymous function) (https://wpm.ccmp.eu/wpm/381/EU/Scripts/lacoste-SDK.js:1)
[ERROR - 2018-04-20T07:37:53.720Z] Session [b67b0640-446d-11e8-a8c7-6bfdea212bd9] - page.onError - msg: TypeError: undefined is not a constructor (evaluating 'b.error(a)')
[ERROR - 2018-04-20T07:37:53.720Z] Session [b67b0640-446d-11e8-a8c7-6bfdea212bd9] - page.onError - stack:
  init (https://wpm.ccmp.eu/wpm/381/EU/Scripts/lacoste-SDK.js:26)
  cnvAsyncInit (https://nexus.ensighten.com/lacoste/us/Bootstrap.js:166)
  (anonymous function) (https://wpm.ccmp.eu/wpm/381/EU/Scripts/lacoste-SDK.js:1)
[ERROR - 2018-04-20T07:39:31.611Z] Session [f3831be0-446d-11e8-87c8-2559727bb538] - page.onError - msg: TypeError: undefined is not an object (evaluating 'utag_data.product.items')
[ERROR - 2018-04-20T07:39:31.615Z] Session [f3831be0-446d-11e8-87c8-2559727bb538] - page.onError - stack:
  i (https://js.rmtag.com/110248.ct.js:1)
  i (https://js.rmtag.com/110248.ct.js:1)
  signalRun (https://js.rmtag.com/110248.ct.js:1)
  i (https://js.rmtag.com/110248.ct.js:1)
  signalRun (https://js.rmtag.com/110248.ct.js:1)
  i (https://js.rmtag.com/110248.ct.js:1)
  signalRun (https://js.rmtag.com/110248.ct.js:1)
  i (https://js.rmtag.com/110248.ct.js:1)
  signalRun (https://js.rmtag.com/110248.ct.js:1)
  i (https://js.rmtag.com/110248.ct.js:1)
  signalRun (https://js.rmtag.com/110248.ct.js:1)
  i (https://js.rmtag.com/110248.ct.js:1)
  signalRun (https://js.rmtag.com/110248.ct.js:1)
  i (https://js.rmtag.com/110248.ct.js:1)
  signalRun (https://js.rmtag.com/110248.ct.js:1)
  i (https://js.rmtag.com/110248.ct.js:1)
[ERROR - 2018-04-20T07:39:33.573Z] Session [f3831be0-446d-11e8-87c8-2559727bb538] - page.onError - msg: TypeError: undefined is not a constructor (evaluating 'b.error(a)')
[ERROR - 2018-04-20T07:39:33.574Z] Session [f3831be0-446d-11e8-87c8-2559727bb538] - page.onError - stack:
  init (https://wpm.ccmp.eu/wpm/381/EU/Scripts/lacoste-SDK.js:26)
  cnvAsyncInit (https://nexus.ensighten.com/lacoste/us/Bootstrap.js:166)
  (anonymous function) (https://wpm.ccmp.eu/wpm/381/EU/Scripts/lacoste-SDK.js:1)
[ERROR - 2018-04-20T07:39:41.284Z] Session [f3831be0-446d-11e8-87c8-2559727bb538] - page.onError - msg: TypeError: undefined is not a constructor (evaluating 'b.error(a)')
[ERROR - 2018-04-20T07:39:41.284Z] Session [f3831be0-446d-11e8-87c8-2559727bb538] - page.onError - stack:
  init (https://wpm.ccmp.eu/wpm/381/EU/Scripts/lacoste-SDK.js:26)
  cnvAsyncInit (https://nexus.ensighten.com/lacoste/us/Bootstrap.js:166)
  (anonymous function) (https://wpm.ccmp.eu/wpm/381/EU/Scripts/lacoste-SDK.js:1)
[ERROR - 2018-04-20T07:40:53.841Z] Session [255970b0-446e-11e8-9a4a-4729cd2d459e] - page.onError - msg: TypeError: undefined is not a constructor (evaluating 'b.error(a)')
[ERROR - 2018-04-20T07:40:53.841Z] Session [255970b0-446e-11e8-9a4a-4729cd2d459e] - page.onError - stack:
  init (https://wpm.ccmp.eu/wpm/381/EU/Scripts/lacoste-SDK.js:26)
  cnvAsyncInit (https://nexus.ensighten.com/lacoste/us/Bootstrap.js:166)
  (anonymous function) (https://wpm.ccmp.eu/wpm/381/EU/Scripts/lacoste-SDK.js:1)
[ERROR - 2018-04-20T07:41:01.476Z] Session [255970b0-446e-11e8-9a4a-4729cd2d459e] - page.onError - msg: TypeError: undefined is not a constructor (evaluating 'b.error(a)')
[ERROR - 2018-04-20T07:41:01.476Z] Session [255970b0-446e-11e8-9a4a-4729cd2d459e] - page.onError - stack:
  init (https://wpm.ccmp.eu/wpm/381/EU/Scripts/lacoste-SDK.js:26)
  cnvAsyncInit (https://nexus.ensighten.com/lacoste/us/Bootstrap.js:166)
  (anonymous function) (https://wpm.ccmp.eu/wpm/381/EU/Scripts/lacoste-SDK.js:1)
[ERROR - 2018-04-20T07:42:29.617Z] Session [5e532a00-446e-11e8-bc9f-93998879d760] - page.onError - msg: TypeError: undefined is not an object (evaluating 'utag_data.product.items')
[ERROR - 2018-04-20T07:42:29.618Z] Session [5e532a00-446e-11e8-bc9f-93998879d760] - page.onError - stack:
  i (https://js.rmtag.com/110248.ct.js:1)
  i (https://js.rmtag.com/110248.ct.js:1)
  signalRun (https://js.rmtag.com/110248.ct.js:1)
  i (https://js.rmtag.com/110248.ct.js:1)
  signalRun (https://js.rmtag.com/110248.ct.js:1)
  i (https://js.rmtag.com/110248.ct.js:1)
  signalRun (https://js.rmtag.com/110248.ct.js:1)
  i (https://js.rmtag.com/110248.ct.js:1)
  signalRun (https://js.rmtag.com/110248.ct.js:1)
  i (https://js.rmtag.com/110248.ct.js:1)
  signalRun (https://js.rmtag.com/110248.ct.js:1)
  i (https://js.rmtag.com/110248.ct.js:1)
  signalRun (https://js.rmtag.com/110248.ct.js:1)
  i (https://js.rmtag.com/110248.ct.js:1)
  signalRun (https://js.rmtag.com/110248.ct.js:1)
  i (https://js.rmtag.com/110248.ct.js:1)
[ERROR - 2018-04-20T07:42:31.634Z] Session [5e532a00-446e-11e8-bc9f-93998879d760] - page.onError - msg: TypeError: undefined is not a constructor (evaluating 'b.error(a)')
[ERROR - 2018-04-20T07:42:31.637Z] Session [5e532a00-446e-11e8-bc9f-93998879d760] - page.onError - stack:
  init (https://wpm.ccmp.eu/wpm/381/EU/Scripts/lacoste-SDK.js:26)
  cnvAsyncInit (https://nexus.ensighten.com/lacoste/us/Bootstrap.js:166)
  (anonymous function) (https://wpm.ccmp.eu/wpm/381/EU/Scripts/lacoste-SDK.js:1)
[ERROR - 2018-04-20T07:42:39.987Z] Session [5e532a00-446e-11e8-bc9f-93998879d760] - page.onError - msg: TypeError: undefined is not a constructor (evaluating 'b.error(a)')
[ERROR - 2018-04-20T07:42:39.988Z] Session [5e532a00-446e-11e8-bc9f-93998879d760] - page.onError - stack:
  init (https://wpm.ccmp.eu/wpm/381/EU/Scripts/lacoste-SDK.js:26)
  cnvAsyncInit (https://nexus.ensighten.com/lacoste/us/Bootstrap.js:166)
  (anonymous function) (https://wpm.ccmp.eu/wpm/381/EU/Scripts/lacoste-SDK.js:1)
[ERROR - 2018-04-20T07:43:18.266Z] Session [7a416ec0-446e-11e8-b021-79a8a1f1e3db] - page.onError - msg: TypeError: undefined is not an object (evaluating 'utag_data.product.items')
[ERROR - 2018-04-20T07:43:18.271Z] Session [7a416ec0-446e-11e8-b021-79a8a1f1e3db] - page.onError - stack:
  i (https://js.rmtag.com/110248.ct.js:1)
  i (https://js.rmtag.com/110248.ct.js:1)
  signalRun (https://js.rmtag.com/110248.ct.js:1)
  i (https://js.rmtag.com/110248.ct.js:1)
  signalRun (https://js.rmtag.com/110248.ct.js:1)
  i (https://js.rmtag.com/110248.ct.js:1)
  signalRun (https://js.rmtag.com/110248.ct.js:1)
  i (https://js.rmtag.com/110248.ct.js:1)
  signalRun (https://js.rmtag.com/110248.ct.js:1)
  i (https://js.rmtag.com/110248.ct.js:1)
  signalRun (https://js.rmtag.com/110248.ct.js:1)
  i (https://js.rmtag.com/110248.ct.js:1)
  signalRun (https://js.rmtag.com/110248.ct.js:1)
  i (https://js.rmtag.com/110248.ct.js:1)
  signalRun (https://js.rmtag.com/110248.ct.js:1)
  i (https://js.rmtag.com/110248.ct.js:1)
[ERROR - 2018-04-20T07:43:20.978Z] Session [7a416ec0-446e-11e8-b021-79a8a1f1e3db] - page.onError - msg: TypeError: undefined is not a constructor (evaluating 'b.error(a)')
[ERROR - 2018-04-20T07:43:20.979Z] Session [7a416ec0-446e-11e8-b021-79a8a1f1e3db] - page.onError - stack:
  init (https://wpm.ccmp.eu/wpm/381/EU/Scripts/lacoste-SDK.js:26)
  cnvAsyncInit (https://nexus.ensighten.com/lacoste/us/Bootstrap.js:166)
  (anonymous function) (https://wpm.ccmp.eu/wpm/381/EU/Scripts/lacoste-SDK.js:1)
[ERROR - 2018-04-20T07:43:33.065Z] Session [7a416ec0-446e-11e8-b021-79a8a1f1e3db] - page.onError - msg: TypeError: undefined is not a constructor (evaluating 'b.error(a)')
[ERROR - 2018-04-20T07:43:33.067Z] Session [7a416ec0-446e-11e8-b021-79a8a1f1e3db] - page.onError - stack:
  init (https://wpm.ccmp.eu/wpm/381/EU/Scripts/lacoste-SDK.js:26)
  cnvAsyncInit (https://nexus.ensighten.com/lacoste/us/Bootstrap.js:166)
  (anonymous function) (https://wpm.ccmp.eu/wpm/381/EU/Scripts/lacoste-SDK.js:1)
[ERROR - 2018-04-24T02:59:26.397Z] WebElementLocator - _handleLocateCommand - Element(s) NOT Found: GAVE UP. Search Stop Time: 1524538766366
[ERROR - 2018-04-24T03:00:37.001Z] WebElementLocator - _handleLocateCommand - Element(s) NOT Found: GAVE UP. Search Stop Time: 1524538836958
[ERROR - 2018-04-24T06:14:45.474Z] WebElementLocator - _handleLocateCommand - Element(s) NOT Found: GAVE UP. Search Stop Time: 1524550485448
[ERROR - 2018-04-24T06:31:19.445Z] WebElementLocator - _handleLocateCommand - Element(s) NOT Found: GAVE UP. Search Stop Time: 1524551479393
